<?xml version="1.0" encoding="UTF-8"?>
<testng-results ignored="0" total="2" passed="2" failed="0" skipped="0">
  <reporter-output>
  </reporter-output>
  <suite started-at="2022-06-04T11:50:35 EDT" name="Unit Test Automation Script" finished-at="2022-06-04T11:50:35 EDT" duration-ms="86">
    <groups>
    </groups>
    <test started-at="2022-06-04T11:50:35 EDT" name="Cal Home" finished-at="2022-06-04T11:50:35 EDT" duration-ms="86">
      <class name="check.TestCalculator">
        <test-method signature="verifyCalculatorAddition()[pri:0, instance:check.TestCalculator@475e586c]" started-at="2022-06-04T11:50:35 EDT" name="verifyCalculatorAddition" finished-at="2022-06-04T11:50:35 EDT" duration-ms="18" status="PASS">
          <reporter-output>
          </reporter-output>
        </test-method> <!-- verifyCalculatorAddition -->
        <test-method signature="verifyCalculatorSubtraction()[pri:0, instance:check.TestCalculator@475e586c]" started-at="2022-06-04T11:50:35 EDT" name="verifyCalculatorSubtraction" finished-at="2022-06-04T11:50:35 EDT" duration-ms="0" status="PASS">
          <reporter-output>
          </reporter-output>
        </test-method> <!-- verifyCalculatorSubtraction -->
      </class> <!-- check.TestCalculator -->
    </test> <!-- Cal Home -->
  </suite> <!-- Unit Test Automation Script -->
</testng-results>
